#
# A fatal error has been detected by the Java Runtime Environment:
#
#  SIGSEGV (0xb) at pc=0x0000000109024660, pid=3314, tid=0x0000000000009f03
#
# JRE version: Java(TM) SE Runtime Environment (8.0_191-b12) (build 1.8.0_191-b12)
# Java VM: Java HotSpot(TM) 64-Bit Server VM (25.191-b12 mixed mode bsd-amd64 compressed oops)
# Problematic frame:
# j  isocline.clockwork.WorkProcessor$ThreadWorker.run()V+20
#
# Failed to write core dump. Core dumps have been disabled. To enable core dumping, try "ulimit -c unlimited" before starting Java again
#
# If you would like to submit a bug report, please visit:
#   http://bugreport.java.com/bugreport/crash.jsp
#

---------------  T H R E A D  ---------------

Current thread (0x00007fe3db874000):  JavaThread "Clockwork:ThreadWorker-2" daemon [_thread_in_Java, id=40707, stack(0x0000700003dc0000,0x0000700003ec0000)]

siginfo: si_signo: 11 (SIGSEGV), si_code: 1 (SEGV_MAPERR), si_addr: 0x00000008741c9929

Registers:
RAX=0x000000076b53c2d8, RBX=0x0000000108c8d651, RCX=0x0000000121227328, RDX=0x0000000000000000
RSP=0x0000700003ebf8e8, RBP=0x0000700003ebf930, RSI=0x0000700003ebf898, RDI=0x0000000000000000
R8 =0x0000000000000007, R9 =0x0000000000000048, R10=0x000000010790a120, R11=0x0000000000000026
R12=0x0000000000000000, R13=0x0000000121226d50, R14=0x0000700003ebf988, R15=0x00007fe3db874000
RIP=0x0000000109024660, EFLAGS=0x0000000000010206, ERR=0x0000000000000004
  TRAPNO=0x000000000000000e

Top of Stack: (sp=0x0000700003ebf8e8)
0x0000700003ebf8e8:   000000076b4f2b18 0000700003ebf8f0
0x0000700003ebf8f8:   0000000121226d4c 0000700003ebf988
0x0000700003ebf908:   0000000121227328 0000000000000000
0x0000700003ebf918:   0000000121227050 0000000000000000
0x0000700003ebf928:   0000700003ebf988 0000700003ebf9f0
0x0000700003ebf938:   0000000108fed7a7 0000000000000000
0x0000700003ebf948:   0000000000000000 0000000000000000
0x0000700003ebf958:   0000000000000000 0000000000000000
0x0000700003ebf968:   000000076b53d900 0000000000000000
0x0000700003ebf978:   0000000000000000 0000000000000002
0x0000700003ebf988:   000000076b53c2d8 0000000100001fa0
0x0000700003ebf998:   000000000000000a 00007fe3db874000
0x0000700003ebf9a8:   0000000000000001 0000000108fed71f
0x0000700003ebf9b8:   0000000121227050 0000700003ebfa88
0x0000700003ebf9c8:   0000700003ebfd20 000000010000000a
0x0000700003ebf9d8:   0000000121227050 00000001090064c0
0x0000700003ebf9e8:   0000700003ebfc90 0000700003ebfba0
0x0000700003ebf9f8:   00000001072ef9fe 0000700000000001
0x0000700003ebfa08:   00007fe3db874000 00007fe3db874000
0x0000700003ebfa18:   0000700003ebfd20 00007fe3da92a860
0x0000700003ebfa28:   00000001090064c0 00000007c0096b28
0x0000700003ebfa38:   0000700003ebfc88 0000700003ebfd18
0x0000700003ebfa48:   00007fe3db874000 00007fe3db874000
0x0000700003ebfa58:   00007fe3da929500 00007fe3da92a850
0x0000700003ebfa68:   00007fe3da92a868 00007fe3da92a938
0x0000700003ebfa78:   00000000000000d8 0000700003ebfd28
0x0000700003ebfa88:   00007fe3db874000 00007fe3da810c80
0x0000700003ebfa98:   0000000121227050 000000076b53c2d8
0x0000700003ebfaa8:   0000000000000000 0000000000000000
0x0000700003ebfab8:   0000000000000000 0000700003ebfd18
0x0000700003ebfac8:   0000000120d721d8 0000000121227050
0x0000700003ebfad8:   0000000121227050 00007fe3db874000 

Instructions: (pc=0x0000000109024660)
0x0000000109024640:   fc ff 4c 8b 6d c8 4c 8b 75 d0 c3 58 41 0f b7 5d
0x0000000109024650:   01 48 8b 4d d8 c1 e3 02 48 8b 5c d9 20 48 3b 00
0x0000000109024660:   8b 04 18 41 0f b6 5d 03 49 83 c5 03 49 ba 20 81
0x0000000109024670:   90 07 01 00 00 00 41 ff 24 da 66 0f 1f 44 00 00 

Register to memory mapping:

RAX=0x000000076b53c2d8 is an oop
isocline.clockwork.WorkProcessor$ThreadWorker
 - klass: 'isocline/clockwork/ClockWorker$ThreadWorker'
RBX=0x0000000108c8d651 is an unknown value
RCX=0x0000000121227328 is pointing into metadata
RDX=0x0000000000000000 is an unknown value
RSP=0x0000700003ebf8e8 is pointing into the stack for thread: 0x00007fe3db874000
RBP=0x0000700003ebf930 is pointing into the stack for thread: 0x00007fe3db874000
RSI=0x0000700003ebf898 is pointing into the stack for thread: 0x00007fe3db874000
RDI=0x0000000000000000 is an unknown value
R8 =0x0000000000000007 is an unknown value
R9 =0x0000000000000048 is an unknown value
R10=0x000000010790a120: _ZN19TemplateInterpreter13_active_tableE+0x4000 in /Library/Java/JavaVirtualMachines/jdk1.8.0_191.jdk/Contents/Home/jre/lib/server/libjvm.dylib at 0x0000000107000000
R11=0x0000000000000026 is an unknown value
R12=0x0000000000000000 is an unknown value
R13=0x0000000121226d50 is pointing into metadata
R14=0x0000700003ebf988 is pointing into the stack for thread: 0x00007fe3db874000
R15=0x00007fe3db874000 is a thread


Stack: [0x0000700003dc0000,0x0000700003ec0000],  sp=0x0000700003ebf8e8,  free space=1022k
Native frames: (J=compiled Java code, j=interpreted, Vv=VM code, C=native code)
j  isocline.clockwork.WorkProcessor$ThreadWorker.run()V+20
v  ~StubRoutines::call_stub
V  [libjvm.dylib+0x2ef9fe]
V  [libjvm.dylib+0x2f01a2]
V  [libjvm.dylib+0x2f034e]
V  [libjvm.dylib+0x34ac3d]
V  [libjvm.dylib+0x56f83f]
V  [libjvm.dylib+0x570f3a]
V  [libjvm.dylib+0x48e0be]
C  [libsystem_pthread.dylib+0x32eb]  _pthread_body+0x7e
C  [libsystem_pthread.dylib+0x6249]  _pthread_start+0x42
C  [libsystem_pthread.dylib+0x240d]  thread_start+0xd
C  0x0000000000000000


---------------  P R O C E S S  ---------------

Java Threads: ( => current thread )
=>0x00007fe3db874000 JavaThread "Clockwork:ThreadWorker-2" daemon [_thread_in_Java, id=40707, stack(0x0000700003dc0000,0x0000700003ec0000)]
  0x00007fe3da153800 JavaThread "Clockwork:ThreadWorker-1" daemon [_thread_blocked, id=41219, stack(0x0000700003cbd000,0x0000700003dbd000)]
  0x00007fe3da122000 JavaThread "Clockwork:ThreadWorker-0" daemon [_thread_blocked, id=41475, stack(0x0000700003bba000,0x0000700003cba000)]
  0x00007fe3dc0c2000 JavaThread "Thread-0" [_thread_blocked, id=41987, stack(0x0000700003ab7000,0x0000700003bb7000)]
  0x00007fe3dc814000 JavaThread "Service Thread" daemon [_thread_blocked, id=22531, stack(0x00007000038b1000,0x00007000039b1000)]
  0x00007fe3db803000 JavaThread "C1 CompilerThread3" daemon [_thread_blocked, id=43011, stack(0x00007000037ae000,0x00007000038ae000)]
  0x00007fe3dd802000 JavaThread "C2 CompilerThread2" daemon [_thread_blocked, id=22019, stack(0x00007000036ab000,0x00007000037ab000)]
  0x00007fe3dd801000 JavaThread "C2 CompilerThread1" daemon [_thread_blocked, id=21763, stack(0x00007000035a8000,0x00007000036a8000)]
  0x00007fe3dd000000 JavaThread "C2 CompilerThread0" daemon [_thread_blocked, id=16131, stack(0x00007000034a5000,0x00007000035a5000)]
  0x00007fe3db007800 JavaThread "JDWP Command Reader" daemon [_thread_in_native, id=16643, stack(0x00007000033a2000,0x00007000034a2000)]
  0x00007fe3db82e000 JavaThread "JDWP Event Helper Thread" daemon [_thread_blocked, id=16899, stack(0x000070000329f000,0x000070000339f000)]
  0x00007fe3d980c000 JavaThread "JDWP Transport Listener: dt_socket" daemon [_thread_blocked, id=15367, stack(0x000070000319c000,0x000070000329c000)]
  0x00007fe3da002000 JavaThread "Signal Dispatcher" daemon [_thread_blocked, id=15107, stack(0x0000700003099000,0x0000700003199000)]
  0x00007fe3db82c800 JavaThread "Finalizer" daemon [_thread_blocked, id=19715, stack(0x0000700002f96000,0x0000700003096000)]
  0x00007fe3dc813000 JavaThread "Reference Handler" daemon [_thread_blocked, id=14339, stack(0x0000700002e93000,0x0000700002f93000)]
  0x00007fe3db805800 JavaThread "main" [_thread_blocked, id=9987, stack(0x000070000226f000,0x000070000236f000)]

Other Threads:
  0x00007fe3dc80c800 VMThread [stack: 0x0000700002d90000,0x0000700002e90000] [id=13827]
  0x00007fe3db832000 WatcherThread [stack: 0x00007000039b4000,0x0000700003ab4000] [id=42243]

VM state:not at safepoint (normal execution)

VM Mutex/Monitor currently owned by a thread: None

Heap:
 PSYoungGen      total 76288K, used 17043K [0x000000076ab00000, 0x0000000770000000, 0x00000007c0000000)
  eden space 65536K, 26% used [0x000000076ab00000,0x000000076bba4e20,0x000000076eb00000)
  from space 10752K, 0% used [0x000000076f580000,0x000000076f580000,0x0000000770000000)
  to   space 10752K, 0% used [0x000000076eb00000,0x000000076eb00000,0x000000076f580000)
 ParOldGen       total 175104K, used 0K [0x00000006c0000000, 0x00000006cab00000, 0x000000076ab00000)
  object space 175104K, 0% used [0x00000006c0000000,0x00000006c0000000,0x00000006cab00000)
 Metaspace       used 6835K, capacity 6962K, committed 7296K, reserved 1056768K
  class space    used 741K, capacity 785K, committed 896K, reserved 1048576K

Card table byte_map: [0x0000000108414000,0x0000000108c15000] byte_map_base: 0x0000000104e14000

Marking Bits: (ParMarkBitMap*) 0x00000001078f9e00
 Begin Bits: [0x0000000118543000, 0x000000011c543000)
 End Bits:   [0x000000011c543000, 0x0000000120543000)

Polling page: 0x00000001057fe000

CodeCache: size=245760Kb used=2204Kb max_used=2215Kb free=243555Kb
 bounds [0x0000000108fed000, 0x000000010925d000, 0x0000000117fed000]
 total_blobs=715 nmethods=427 adapters=210
 compilation: enabled

Compilation events (10 events):
Event: 5254.960 Thread 0x00007fe3dd801000  451       4       java.util.concurrent.locks.AbstractQueuedSynchronizer$ConditionObject::addConditionWaiter (64 bytes)
Event: 5254.960 Thread 0x00007fe3db803000  450   !   3       java.util.concurrent.LinkedBlockingQueue::poll (134 bytes)
Event: 5254.982 Thread 0x00007fe3db803000 nmethod 450 0x00000001092156d0 code [0x0000000109215a20, 0x0000000109217658]
Event: 5254.988 Thread 0x00007fe3dd801000 nmethod 451 0x000000010910a490 code [0x000000010910a5e0, 0x000000010910a818]
Event: 5687.114 Thread 0x00007fe3dd801000  452       4       java.util.concurrent.TimeUnit$3::toNanos (11 bytes)
Event: 5687.123 Thread 0x00007fe3dd801000 nmethod 452 0x0000000109102310 code [0x0000000109102460, 0x0000000109102538]
Event: 5915.076 Thread 0x00007fe3dd000000  453   !   4       java.util.concurrent.locks.AbstractQueuedSynchronizer::fullyRelease (54 bytes)
Event: 5915.082 Thread 0x00007fe3dd000000 nmethod 453 0x0000000109109f10 code [0x000000010910a080, 0x000000010910a248]
Event: 6233.849 Thread 0x00007fe3dd000000  454       4       java.util.concurrent.locks.AbstractQueuedSynchronizer::release (33 bytes)
Event: 6233.852 Thread 0x00007fe3dd000000 nmethod 454 0x000000010912fa90 code [0x000000010912fbe0, 0x000000010912fd28]

GC Heap History (0 events):
No events

Deoptimization events (2 events):
Event: 2.321 Thread 0x00007fe3db805800 Uncommon trap: reason=unstable_if action=reinterpret pc=0x0000000109160a30 method=java.lang.String.indexOf([CII[CIII)I @ 3
Event: 5169.292 Thread 0x00007fe3da122000 Uncommon trap: reason=unstable_if action=reinterpret pc=0x000000010910f0dc method=java.util.concurrent.locks.AbstractQueuedSynchronizer.acquireQueued(Ljava/util/concurrent/locks/AbstractQueuedSynchronizer$Node;I)Z @ 25

Classes redefined (10 events):
Event: 7441.752 Thread 0x00007fe3dc80c800 redefined class name=isocline.clockwork.WorkProcessor$WorkChecker, count=7
Event: 7476.060 Thread 0x00007fe3dc80c800 redefined class name=isocline.clockwork.WorkProcessor$ThreadWorker, count=8
Event: 7476.062 Thread 0x00007fe3dc80c800 redefined class name=isocline.clockwork.WorkProcessor, count=8
Event: 7476.063 Thread 0x00007fe3dc80c800 redefined class name=isocline.clockwork.WorkProcessor$WorkChecker, count=8
Event: 7500.473 Thread 0x00007fe3dc80c800 redefined class name=isocline.clockwork.WorkProcessor$ThreadWorker, count=9
Event: 7500.475 Thread 0x00007fe3dc80c800 redefined class name=isocline.clockwork.WorkProcessor, count=9
Event: 7500.477 Thread 0x00007fe3dc80c800 redefined class name=isocline.clockwork.WorkProcessor$WorkChecker, count=9
Event: 7547.326 Thread 0x00007fe3dc80c800 redefined class name=isocline.clockwork.WorkProcessor$ThreadWorker, count=10
Event: 7547.330 Thread 0x00007fe3dc80c800 redefined class name=isocline.clockwork.WorkProcessor, count=10
Event: 7547.331 Thread 0x00007fe3dc80c800 redefined class name=isocline.clockwork.WorkProcessor$WorkChecker, count=10

Internal exceptions (10 events):
Event: 0.468 Thread 0x00007fe3db805800 Exception <a 'java/security/PrivilegedActionException'> (0x000000076aefbb70) thrown at [/Users/java_re/workspace/8-2-build-macosx-x86_64/jdk8u191/11896/hotspot/src/share/vm/prims/jvm.cpp, line 1435]
Event: 0.815 Thread 0x00007fe3db805800 Exception <a 'java/lang/ClassNotFoundException': org/apache/log4j/PatternLayoutBeanInfo> (0x000000076b423de8) thrown at [/Users/java_re/workspace/8-2-build-macosx-x86_64/jdk8u191/11896/hotspot/src/share/vm/classfile/systemDictionary.cpp, line 210]
Event: 0.815 Thread 0x00007fe3db805800 Exception <a 'java/lang/ClassNotFoundException': org/apache/log4j/LayoutBeanInfo> (0x000000076b42cc70) thrown at [/Users/java_re/workspace/8-2-build-macosx-x86_64/jdk8u191/11896/hotspot/src/share/vm/classfile/systemDictionary.cpp, line 210]
Event: 0.815 Thread 0x00007fe3db805800 Exception <a 'java/lang/ClassNotFoundException': java/lang/ObjectBeanInfo> (0x000000076b431118) thrown at [/Users/java_re/workspace/8-2-build-macosx-x86_64/jdk8u191/11896/hotspot/src/share/vm/classfile/systemDictionary.cpp, line 210]
Event: 0.816 Thread 0x00007fe3db805800 Exception <a 'java/lang/ClassNotFoundException': java/lang/ObjectCustomizer> (0x000000076b435758) thrown at [/Users/java_re/workspace/8-2-build-macosx-x86_64/jdk8u191/11896/hotspot/src/share/vm/classfile/systemDictionary.cpp, line 210]
Event: 0.817 Thread 0x00007fe3db805800 Exception <a 'java/lang/ArrayIndexOutOfBoundsException'> (0x000000076b4373d0) thrown at [/Users/java_re/workspace/8-2-build-macosx-x86_64/jdk8u191/11896/hotspot/src/share/vm/runtime/sharedRuntime.cpp, line 605]
Event: 0.818 Thread 0x00007fe3db805800 Exception <a 'java/lang/ArrayIndexOutOfBoundsException'> (0x000000076b43a438) thrown at [/Users/java_re/workspace/8-2-build-macosx-x86_64/jdk8u191/11896/hotspot/src/share/vm/runtime/sharedRuntime.cpp, line 605]
Event: 0.819 Thread 0x00007fe3db805800 Exception <a 'java/lang/ArrayIndexOutOfBoundsException'> (0x000000076b43c688) thrown at [/Users/java_re/workspace/8-2-build-macosx-x86_64/jdk8u191/11896/hotspot/src/share/vm/runtime/sharedRuntime.cpp, line 605]
Event: 0.821 Thread 0x00007fe3db805800 Exception <a 'java/lang/ClassNotFoundException': org/apache/log4j/LayoutCustomizer> (0x000000076b447c78) thrown at [/Users/java_re/workspace/8-2-build-macosx-x86_64/jdk8u191/11896/hotspot/src/share/vm/classfile/systemDictionary.cpp, line 210]
Event: 0.823 Thread 0x00007fe3db805800 Exception <a 'java/lang/ClassNotFoundException': org/apache/log4j/PatternLayoutCustomizer> (0x000000076b463010) thrown at [/Users/java_re/workspace/8-2-build-macosx-x86_64/jdk8u191/11896/hotspot/src/share/vm/classfile/systemDictionary.cpp, line 210]

Events (10 events):
Event: 7547.323 Executing VM operation: RedefineClasses
Event: 7547.331 Executing VM operation: RedefineClasses done
Event: 7547.414 Executing VM operation: ChangeBreakpoints
Event: 7547.414 Executing VM operation: ChangeBreakpoints done
Event: 7547.421 Executing VM operation: ChangeBreakpoints
Event: 7547.421 Executing VM operation: ChangeBreakpoints done
Event: 7547.422 Executing VM operation: ChangeBreakpoints
Event: 7547.422 Executing VM operation: ChangeBreakpoints done
Event: 7547.424 Executing VM operation: ChangeBreakpoints
Event: 7547.424 Executing VM operation: ChangeBreakpoints done


Dynamic libraries:
0x00007fff32f9c000 	/System/Library/Frameworks/Cocoa.framework/Versions/A/Cocoa
0x00007fff3ec7e000 	/System/Library/Frameworks/Security.framework/Versions/A/Security
0x00007fff31c31000 	/System/Library/Frameworks/ApplicationServices.framework/Versions/A/ApplicationServices
0x00007fff5f2c6000 	/usr/lib/libz.1.dylib
0x00007fff5c9f6000 	/usr/lib/libSystem.B.dylib
0x00007fff5e3f0000 	/usr/lib/libobjc.A.dylib
0x00007fff33784000 	/System/Library/Frameworks/CoreFoundation.framework/Versions/A/CoreFoundation
0x00007fff359f8000 	/System/Library/Frameworks/Foundation.framework/Versions/C/Foundation
0x00007fff30e2a000 	/System/Library/Frameworks/AppKit.framework/Versions/C/AppKit
0x00007fff33317000 	/System/Library/Frameworks/CoreData.framework/Versions/A/CoreData
0x00007fff56545000 	/System/Library/PrivateFrameworks/RemoteViewServices.framework/Versions/A/RemoteViewServices
0x00007fff5a739000 	/System/Library/PrivateFrameworks/UIFoundation.framework/Versions/A/UIFoundation
0x00007fff5be1b000 	/System/Library/PrivateFrameworks/XCTTargetBootstrap.framework/Versions/A/XCTTargetBootstrap
0x00007fff51382000 	/System/Library/PrivateFrameworks/IconServices.framework/Versions/A/IconServices
0x00007fff38311000 	/System/Library/Frameworks/Metal.framework/Versions/A/Metal
0x00007fff4890d000 	/System/Library/PrivateFrameworks/DesktopServicesPriv.framework/Versions/A/DesktopServicesPriv
0x00007fff5d756000 	/usr/lib/libenergytrace.dylib
0x00007fff58c28000 	/System/Library/PrivateFrameworks/SkyLight.framework/Versions/A/SkyLight
0x00007fff33bc9000 	/System/Library/Frameworks/CoreGraphics.framework/Versions/A/CoreGraphics
0x00007fff2fbf6000 	/System/Library/Frameworks/Accelerate.framework/Versions/A/Accelerate
0x00007fff3613e000 	/System/Library/Frameworks/IOSurface.framework/Versions/A/IOSurface
0x00007fff48779000 	/System/Library/PrivateFrameworks/DFRFoundation.framework/Versions/A/DFRFoundation
0x00007fff32114000 	/System/Library/Frameworks/AudioToolbox.framework/Versions/A/AudioToolbox
0x00007fff3238d000 	/System/Library/Frameworks/AudioUnit.framework/Versions/A/AudioUnit
0x00007fff4880e000 	/System/Library/PrivateFrameworks/DataDetectorsCore.framework/Versions/A/DataDetectorsCore
0x00007fff32aa0000 	/System/Library/Frameworks/Carbon.framework/Versions/A/Frameworks/HIToolbox.framework/Versions/A/HIToolbox
0x00007fff5d8af000 	/usr/lib/libicucore.A.dylib
0x00007fff3e1f5000 	/System/Library/Frameworks/QuartzCore.framework/Versions/A/QuartzCore
0x00007fff32e74000 	/System/Library/Frameworks/Carbon.framework/Versions/A/Frameworks/SpeechRecognition.framework/Versions/A/SpeechRecognition
0x00007fff5cb4a000 	/usr/lib/libauto.dylib
0x00007fff5f1ba000 	/usr/lib/libxml2.2.dylib
0x00007fff48359000 	/System/Library/PrivateFrameworks/CoreUI.framework/Versions/A/CoreUI
0x00007fff33202000 	/System/Library/Frameworks/CoreAudio.framework/Versions/A/CoreAudio
0x00007fff35834000 	/System/Library/Frameworks/DiskArbitration.framework/Versions/A/DiskArbitration
0x00007fff5db5c000 	/usr/lib/liblangid.dylib
0x00007fff52781000 	/System/Library/PrivateFrameworks/MultitouchSupport.framework/Versions/A/MultitouchSupport
0x00007fff360ad000 	/System/Library/Frameworks/IOKit.framework/Versions/A/IOKit
0x00007fff5c5b7000 	/usr/lib/libDiagnosticMessagesClient.dylib
0x00007fff349d5000 	/System/Library/Frameworks/CoreServices.framework/Versions/A/CoreServices
0x00007fff54357000 	/System/Library/PrivateFrameworks/PerformanceAnalysis.framework/Versions/A/PerformanceAnalysis
0x00007fff3d3e5000 	/System/Library/Frameworks/OpenGL.framework/Versions/A/OpenGL
0x00007fff32faa000 	/System/Library/Frameworks/ColorSync.framework/Versions/A/ColorSync
0x00007fff3425a000 	/System/Library/Frameworks/CoreImage.framework/Versions/A/CoreImage
0x00007fff353ae000 	/System/Library/Frameworks/CoreText.framework/Versions/A/CoreText
0x00007fff361a1000 	/System/Library/Frameworks/ImageIO.framework/Versions/A/ImageIO
0x00007fff449b7000 	/System/Library/PrivateFrameworks/Backup.framework/Versions/A/Backup
0x00007fff5ca9d000 	/usr/lib/libarchive.2.dylib
0x00007fff326e5000 	/System/Library/Frameworks/CFNetwork.framework/Versions/A/CFNetwork
0x00007fff3f3d7000 	/System/Library/Frameworks/SystemConfiguration.framework/Versions/A/SystemConfiguration
0x00007fff5c4e8000 	/usr/lib/libCRFSuite.dylib
0x00007fff5cc39000 	/usr/lib/libc++.1.dylib
0x00007fff5cc8d000 	/usr/lib/libc++abi.dylib
0x00007fff5fab5000 	/usr/lib/system/libcache.dylib
0x00007fff5faba000 	/usr/lib/system/libcommonCrypto.dylib
0x00007fff5fac5000 	/usr/lib/system/libcompiler_rt.dylib
0x00007fff5facd000 	/usr/lib/system/libcopyfile.dylib
0x00007fff5fad7000 	/usr/lib/system/libcorecrypto.dylib
0x00007fff5fbe2000 	/usr/lib/system/libdispatch.dylib
0x00007fff5fc1c000 	/usr/lib/system/libdyld.dylib
0x00007fff5fc49000 	/usr/lib/system/libkeymgr.dylib
0x00007fff5fc57000 	/usr/lib/system/liblaunch.dylib
0x00007fff5fc58000 	/usr/lib/system/libmacho.dylib
0x00007fff5fc5e000 	/usr/lib/system/libquarantine.dylib
0x00007fff5fc61000 	/usr/lib/system/libremovefile.dylib
0x00007fff5fc63000 	/usr/lib/system/libsystem_asl.dylib
0x00007fff5fc7b000 	/usr/lib/system/libsystem_blocks.dylib
0x00007fff5fc7c000 	/usr/lib/system/libsystem_c.dylib
0x00007fff5fd04000 	/usr/lib/system/libsystem_configuration.dylib
0x00007fff5fd08000 	/usr/lib/system/libsystem_coreservices.dylib
0x00007fff5fd0c000 	/usr/lib/system/libsystem_darwin.dylib
0x00007fff5fd13000 	/usr/lib/system/libsystem_dnssd.dylib
0x00007fff5fd1a000 	/usr/lib/system/libsystem_info.dylib
0x00007fff5fd8f000 	/usr/lib/system/libsystem_m.dylib
0x00007fff5fddb000 	/usr/lib/system/libsystem_malloc.dylib
0x00007fff5fe00000 	/usr/lib/system/libsystem_networkextension.dylib
0x00007fff5fe0b000 	/usr/lib/system/libsystem_notify.dylib
0x00007fff5fe28000 	/usr/lib/system/libsystem_sandbox.dylib
0x00007fff5fe2c000 	/usr/lib/system/libsystem_secinit.dylib
0x00007fff5fd66000 	/usr/lib/system/libsystem_kernel.dylib
0x00007fff5fe13000 	/usr/lib/system/libsystem_platform.dylib
0x00007fff5fe1d000 	/usr/lib/system/libsystem_pthread.dylib
0x00007fff5fe2f000 	/usr/lib/system/libsystem_symptoms.dylib
0x00007fff5fe37000 	/usr/lib/system/libsystem_trace.dylib
0x00007fff5fe4e000 	/usr/lib/system/libunwind.dylib
0x00007fff5fe54000 	/usr/lib/system/libxpc.dylib
0x00007fff5cc1a000 	/usr/lib/libbsm.0.dylib
0x00007fff5fc4a000 	/usr/lib/system/libkxld.dylib
0x00007fff43bfd000 	/System/Library/PrivateFrameworks/AppleFSCompression.framework/Versions/A/AppleFSCompression
0x00007fff5c8b6000 	/usr/lib/libOpenScriptingUtil.dylib
0x00007fff5cf42000 	/usr/lib/libcoretls.dylib
0x00007fff5cf59000 	/usr/lib/libcoretls_cfhelpers.dylib
0x00007fff5eb87000 	/usr/lib/libpam.2.dylib
0x00007fff5ed47000 	/usr/lib/libsqlite3.dylib
0x00007fff5f1a8000 	/usr/lib/libxar.1.dylib
0x00007fff5cc2b000 	/usr/lib/libbz2.1.0.dylib
0x00007fff5db5e000 	/usr/lib/liblzma.5.dylib
0x00007fff5e00f000 	/usr/lib/libnetwork.dylib
0x00007fff5ca86000 	/usr/lib/libapple_nghttp2.dylib
0x00007fff5eb8e000 	/usr/lib/libpcap.A.dylib
0x00007fff34d74000 	/System/Library/Frameworks/CoreServices.framework/Versions/A/Frameworks/FSEvents.framework/Versions/A/FSEvents
0x00007fff34a53000 	/System/Library/Frameworks/CoreServices.framework/Versions/A/Frameworks/CarbonCore.framework/Versions/A/CarbonCore
0x00007fff34f30000 	/System/Library/Frameworks/CoreServices.framework/Versions/A/Frameworks/Metadata.framework/Versions/A/Metadata
0x00007fff34fcf000 	/System/Library/Frameworks/CoreServices.framework/Versions/A/Frameworks/OSServices.framework/Versions/A/OSServices
0x00007fff3501a000 	/System/Library/Frameworks/CoreServices.framework/Versions/A/Frameworks/SearchKit.framework/Versions/A/SearchKit
0x00007fff349d6000 	/System/Library/Frameworks/CoreServices.framework/Versions/A/Frameworks/AE.framework/Versions/A/AE
0x00007fff34d7d000 	/System/Library/Frameworks/CoreServices.framework/Versions/A/Frameworks/LaunchServices.framework/Versions/A/LaunchServices
0x00007fff34d2b000 	/System/Library/Frameworks/CoreServices.framework/Versions/A/Frameworks/DictionaryServices.framework/Versions/A/DictionaryServices
0x00007fff35082000 	/System/Library/Frameworks/CoreServices.framework/Versions/A/Frameworks/SharedFileList.framework/Versions/A/SharedFileList
0x00007fff393c0000 	/System/Library/Frameworks/NetFS.framework/Versions/A/NetFS
0x00007fff529e7000 	/System/Library/PrivateFrameworks/NetAuth.framework/Versions/A/NetAuth
0x00007fff5c21f000 	/System/Library/PrivateFrameworks/login.framework/Versions/A/Frameworks/loginsupport.framework/Versions/A/loginsupport
0x00007fff5a342000 	/System/Library/PrivateFrameworks/TCC.framework/Versions/A/TCC
0x00007fff479b8000 	/System/Library/PrivateFrameworks/CoreNLP.framework/Versions/A/CoreNLP
0x00007fff52481000 	/System/Library/PrivateFrameworks/MetadataUtilities.framework/Versions/A/MetadataUtilities
0x00007fff5dc33000 	/usr/lib/libmecabra.dylib
0x00007fff31c32000 	/System/Library/Frameworks/ApplicationServices.framework/Versions/A/Frameworks/ATS.framework/Versions/A/ATS
0x00007fff31f81000 	/System/Library/Frameworks/ApplicationServices.framework/Versions/A/Frameworks/ColorSyncLegacy.framework/Versions/A/ColorSyncLegacy
0x00007fff32020000 	/System/Library/Frameworks/ApplicationServices.framework/Versions/A/Frameworks/HIServices.framework/Versions/A/HIServices
0x00007fff32073000 	/System/Library/Frameworks/ApplicationServices.framework/Versions/A/Frameworks/LangAnalysis.framework/Versions/A/LangAnalysis
0x00007fff32083000 	/System/Library/Frameworks/ApplicationServices.framework/Versions/A/Frameworks/PrintCore.framework/Versions/A/PrintCore
0x00007fff320cd000 	/System/Library/Frameworks/ApplicationServices.framework/Versions/A/Frameworks/QD.framework/Versions/A/QD
0x00007fff32107000 	/System/Library/Frameworks/ApplicationServices.framework/Versions/A/Frameworks/SpeechSynthesis.framework/Versions/A/SpeechSynthesis
0x00007fff5ccb5000 	/usr/lib/libcompression.dylib
0x00007fff3369c000 	/System/Library/Frameworks/CoreDisplay.framework/Versions/A/CoreDisplay
0x00007fff385c8000 	/System/Library/Frameworks/MetalPerformanceShaders.framework/Versions/A/MetalPerformanceShaders
0x00007fff2fc0e000 	/System/Library/Frameworks/Accelerate.framework/Versions/A/Frameworks/vImage.framework/Versions/A/vImage
0x00007fff30c88000 	/System/Library/Frameworks/Accelerate.framework/Versions/A/Frameworks/vecLib.framework/Versions/A/vecLib
0x00007fff30bd4000 	/System/Library/Frameworks/Accelerate.framework/Versions/A/Frameworks/vecLib.framework/Versions/A/libvMisc.dylib
0x00007fff309ec000 	/System/Library/Frameworks/Accelerate.framework/Versions/A/Frameworks/vecLib.framework/Versions/A/libvDSP.dylib
0x00007fff302a8000 	/System/Library/Frameworks/Accelerate.framework/Versions/A/Frameworks/vecLib.framework/Versions/A/libBLAS.dylib
0x00007fff30595000 	/System/Library/Frameworks/Accelerate.framework/Versions/A/Frameworks/vecLib.framework/Versions/A/libLAPACK.dylib
0x00007fff3093f000 	/System/Library/Frameworks/Accelerate.framework/Versions/A/Frameworks/vecLib.framework/Versions/A/libLinearAlgebra.dylib
0x00007fff309d8000 	/System/Library/Frameworks/Accelerate.framework/Versions/A/Frameworks/vecLib.framework/Versions/A/libSparseBLAS.dylib
0x00007fff30955000 	/System/Library/Frameworks/Accelerate.framework/Versions/A/Frameworks/vecLib.framework/Versions/A/libQuadrature.dylib
0x00007fff30522000 	/System/Library/Frameworks/Accelerate.framework/Versions/A/Frameworks/vecLib.framework/Versions/A/libBNNS.dylib
0x00007fff3095b000 	/System/Library/Frameworks/Accelerate.framework/Versions/A/Frameworks/vecLib.framework/Versions/A/libSparse.dylib
0x00007fff4ecf3000 	/System/Library/PrivateFrameworks/GPUWrangler.framework/Versions/A/GPUWrangler
0x00007fff50fb7000 	/System/Library/PrivateFrameworks/IOAccelerator.framework/Versions/A/IOAccelerator
0x00007fff50fc2000 	/System/Library/PrivateFrameworks/IOPresentment.framework/Versions/A/IOPresentment
0x00007fff48789000 	/System/Library/PrivateFrameworks/DSExternalDisplay.framework/Versions/A/DSExternalDisplay
0x00007fff3c83c000 	/System/Library/Frameworks/OpenGL.framework/Versions/A/Libraries/libCoreFSCache.dylib
0x00007fff383bc000 	/System/Library/Frameworks/MetalPerformanceShaders.framework/Frameworks/MPSCore.framework/Versions/A/MPSCore
0x00007fff383dc000 	/System/Library/Frameworks/MetalPerformanceShaders.framework/Frameworks/MPSImage.framework/Versions/A/MPSImage
0x00007fff38481000 	/System/Library/Frameworks/MetalPerformanceShaders.framework/Frameworks/MPSNeuralNetwork.framework/Versions/A/MPSNeuralNetwork
0x00007fff38459000 	/System/Library/Frameworks/MetalPerformanceShaders.framework/Frameworks/MPSMatrix.framework/Versions/A/MPSMatrix
0x00007fff385ad000 	/System/Library/Frameworks/MetalPerformanceShaders.framework/Frameworks/MPSRayIntersector.framework/Versions/A/MPSRayIntersector
0x00007fff524aa000 	/System/Library/PrivateFrameworks/MetalTools.framework/Versions/A/MetalTools
0x00007fff432fe000 	/System/Library/PrivateFrameworks/AggregateDictionary.framework/Versions/A/AggregateDictionary
0x00007fff5c897000 	/usr/lib/libMobileGestalt.dylib
0x00007fff35511000 	/System/Library/Frameworks/CoreVideo.framework/Versions/A/CoreVideo
0x00007fff4fafd000 	/System/Library/PrivateFrameworks/GraphVisualizer.framework/Versions/A/GraphVisualizer
0x00007fff49983000 	/System/Library/PrivateFrameworks/FaceCore.framework/Versions/A/FaceCore
0x00007fff3be6a000 	/System/Library/Frameworks/OpenCL.framework/Versions/A/OpenCL
0x00007fff5c5ef000 	/usr/lib/libFosl_dynamic.dylib
0x00007fff53252000 	/System/Library/PrivateFrameworks/OTSVG.framework/Versions/A/OTSVG
0x00007fff31d36000 	/System/Library/Frameworks/ApplicationServices.framework/Versions/A/Frameworks/ATS.framework/Versions/A/Resources/libFontParser.dylib
0x00007fff31e4e000 	/System/Library/Frameworks/ApplicationServices.framework/Versions/A/Frameworks/ATS.framework/Versions/A/Resources/libFontRegistry.dylib
0x00007fff3640f000 	/System/Library/Frameworks/ImageIO.framework/Versions/A/Resources/libJPEG.dylib
0x00007fff36721000 	/System/Library/Frameworks/ImageIO.framework/Versions/A/Resources/libTIFF.dylib
0x00007fff366f7000 	/System/Library/Frameworks/ImageIO.framework/Versions/A/Resources/libPng.dylib
0x00007fff3632d000 	/System/Library/Frameworks/ImageIO.framework/Versions/A/Resources/libGIF.dylib
0x00007fff36332000 	/System/Library/Frameworks/ImageIO.framework/Versions/A/Resources/libJP2.dylib
0x00007fff3671e000 	/System/Library/Frameworks/ImageIO.framework/Versions/A/Resources/libRadiance.dylib
0x00007fff43d52000 	/System/Library/PrivateFrameworks/AppleJPEG.framework/Versions/A/AppleJPEG
0x00007fff3c847000 	/System/Library/Frameworks/OpenGL.framework/Versions/A/Libraries/libGFXShared.dylib
0x00007fff3ca0a000 	/System/Library/Frameworks/OpenGL.framework/Versions/A/Libraries/libGLU.dylib
0x00007fff3c850000 	/System/Library/Frameworks/OpenGL.framework/Versions/A/Libraries/libGL.dylib
0x00007fff3c85c000 	/System/Library/Frameworks/OpenGL.framework/Versions/A/Libraries/libGLImage.dylib
0x00007fff3c839000 	/System/Library/Frameworks/OpenGL.framework/Versions/A/Libraries/libCVMSPluginSupport.dylib
0x00007fff3c842000 	/System/Library/Frameworks/OpenGL.framework/Versions/A/Libraries/libCoreVMClient.dylib
0x00007fff5d5cc000 	/usr/lib/libcups.2.dylib
0x00007fff378e4000 	/System/Library/Frameworks/Kerberos.framework/Versions/A/Kerberos
0x00007fff35e14000 	/System/Library/Frameworks/GSS.framework/Versions/A/GSS
0x00007fff5ecdc000 	/usr/lib/libresolv.9.dylib
0x00007fff5d7be000 	/usr/lib/libiconv.2.dylib
0x00007fff4fc59000 	/System/Library/PrivateFrameworks/Heimdal.framework/Versions/A/Heimdal
0x00007fff5d78e000 	/usr/lib/libheimdal-asn1.dylib
0x00007fff3bede000 	/System/Library/Frameworks/OpenDirectory.framework/Versions/A/OpenDirectory
0x00007fff4671f000 	/System/Library/PrivateFrameworks/CommonAuth.framework/Versions/A/CommonAuth
0x00007fff3bec2000 	/System/Library/Frameworks/OpenDirectory.framework/Versions/A/Frameworks/CFOpenDirectory.framework/Versions/A/CFOpenDirectory
0x00007fff3ef7d000 	/System/Library/Frameworks/SecurityFoundation.framework/Versions/A/SecurityFoundation
0x00007fff42859000 	/System/Library/PrivateFrameworks/APFS.framework/Versions/A/APFS
0x00007fff5f1a4000 	/usr/lib/libutil.dylib
0x00007fff5cca3000 	/usr/lib/libcharset.1.dylib
0x00007fff43fef000 	/System/Library/PrivateFrameworks/AppleSauce.framework/Versions/A/AppleSauce
0x00007fff44170000 	/System/Library/PrivateFrameworks/AssertionServices.framework/Versions/A/AssertionServices
0x00007fff44a4d000 	/System/Library/PrivateFrameworks/BaseBoard.framework/Versions/A/BaseBoard
0x00007fff5db8e000 	/usr/lib/libmecab.1.0.0.dylib
0x00007fff5d788000 	/usr/lib/libgermantok.dylib
0x00007fff5ca73000 	/usr/lib/libThaiTokenizer.dylib
0x00007fff5c51f000 	/usr/lib/libChineseTokenizer.dylib
0x00007fff5166e000 	/System/Library/PrivateFrameworks/LanguageModeling.framework/Versions/A/LanguageModeling
0x00007fff473fe000 	/System/Library/PrivateFrameworks/CoreEmoji.framework/Versions/A/CoreEmoji
0x00007fff5174a000 	/System/Library/PrivateFrameworks/Lexicon.framework/Versions/A/Lexicon
0x00007fff5178d000 	/System/Library/PrivateFrameworks/LinguisticData.framework/Versions/A/LinguisticData
0x00007fff5cca4000 	/usr/lib/libcmph.dylib
0x00007fff3f03b000 	/System/Library/Frameworks/ServiceManagement.framework/Versions/A/ServiceManagement
0x00007fff449ae000 	/System/Library/PrivateFrameworks/BackgroundTaskManagement.framework/Versions/A/BackgroundTaskManagement
0x00007fff5f29d000 	/usr/lib/libxslt.1.dylib
0x00007fff32da1000 	/System/Library/Frameworks/Carbon.framework/Versions/A/Frameworks/Ink.framework/Versions/A/Ink
0x00007fff5a5b4000 	/System/Library/PrivateFrameworks/TextureIO.framework/Versions/A/TextureIO
0x00007fff5cac7000 	/usr/lib/libate.dylib
0x00007fff486d9000 	/System/Library/PrivateFrameworks/CrashReporterSupport.framework/Versions/A/CrashReporterSupport
0x00007fff57d66000 	/System/Library/PrivateFrameworks/Sharing.framework/Versions/A/Sharing
0x00007fff4454f000 	/System/Library/PrivateFrameworks/AuthKit.framework/Versions/A/AuthKit
0x00007fff438f9000 	/System/Library/PrivateFrameworks/Apple80211.framework/Versions/A/Apple80211
0x00007fff48485000 	/System/Library/PrivateFrameworks/CoreUtils.framework/Versions/A/CoreUtils
0x00007fff3554f000 	/System/Library/Frameworks/CoreWLAN.framework/Versions/A/CoreWLAN
0x00007fff35f43000 	/System/Library/Frameworks/IOBluetooth.framework/Versions/A/IOBluetooth
0x00007fff561f6000 	/System/Library/PrivateFrameworks/ProtocolBuffer.framework/Versions/A/ProtocolBuffer
0x00007fff526df000 	/System/Library/PrivateFrameworks/MobileKeyBag.framework/Versions/A/MobileKeyBag
0x00007fff47ccb000 	/System/Library/PrivateFrameworks/CorePhoneNumbers.framework/Versions/A/CorePhoneNumbers
0x00007fff43d06000 	/System/Library/PrivateFrameworks/AppleIDAuthSupport.framework/Versions/A/AppleIDAuthSupport
0x00007fff51641000 	/System/Library/PrivateFrameworks/KeychainCircle.framework/Versions/A/KeychainCircle
0x00007fff563ac000 	/System/Library/PrivateFrameworks/ROCKit.framework/Versions/A/ROCKit
0x00007fff48675000 	/System/Library/PrivateFrameworks/CoreWiFi.framework/Versions/A/CoreWiFi
0x00007fff332ec000 	/System/Library/Frameworks/CoreBluetooth.framework/Versions/A/CoreBluetooth
0x00007fff488cf000 	/System/Library/PrivateFrameworks/DebugSymbols.framework/Versions/A/DebugSymbols
0x00007fff48246000 	/System/Library/PrivateFrameworks/CoreSymbolication.framework/Versions/A/CoreSymbolication
0x00007fff59dd0000 	/System/Library/PrivateFrameworks/Symbolication.framework/Versions/A/Symbolication
0x00007fff59673000 	/System/Library/PrivateFrameworks/SpeechRecognitionCore.framework/Versions/A/SpeechRecognitionCore
0x00007fff28209000 	/System/Library/CoreServices/Encodings/libKoreanConverter.dylib
0x0000000107000000 	/Library/Java/JavaVirtualMachines/jdk1.8.0_191.jdk/Contents/Home/jre/lib/server/libjvm.dylib
0x00007fff5f075000 	/usr/lib/libstdc++.6.dylib
0x00000001057ba000 	/Library/Java/JavaVirtualMachines/jdk1.8.0_191.jdk/Contents/Home/jre/lib/libverify.dylib
0x00000001057c8000 	/Library/Java/JavaVirtualMachines/jdk1.8.0_191.jdk/Contents/Home/jre/lib/libjava.dylib
0x0000000107fb4000 	/Library/Java/JavaVirtualMachines/jdk1.8.0_191.jdk/Contents/Home/jre/lib/libjdwp.dylib
0x0000000107fff000 	/Library/Java/JavaVirtualMachines/jdk1.8.0_191.jdk/Contents/Home/jre/lib/libnpt.dylib
0x000000010804b000 	/Library/Java/JavaVirtualMachines/jdk1.8.0_191.jdk/Contents/Home/jre/lib/libzip.dylib
0x0000000123860000 	/Library/Java/JavaVirtualMachines/jdk1.8.0_191.jdk/Contents/Home/jre/lib/libdt_socket.dylib

VM Arguments:
jvm_args: -agentlib:jdwp=transport=dt_socket,address=127.0.0.1:56635,suspend=y,server=n -ea -Didea.test.cyclic.buffer.size=1048576 -Dfile.encoding=UTF-8 
java_command: com.intellij.rt.execution.junit.JUnitStarter -ideVersion5 -junit4 isocline.clockwork.examples.basic.SimpleRepeater
java_class_path (initial): /Applications/IntelliJ IDEA.app/Contents/lib/idea_rt.jar:/Applications/IntelliJ IDEA.app/Contents/plugins/junit/lib/junit-rt.jar:/Applications/IntelliJ IDEA.app/Contents/plugins/junit/lib/junit5-rt.jar:/Library/Java/JavaVirtualMachines/jdk1.8.0_191.jdk/Contents/Home/jre/lib/charsets.jar:/Library/Java/JavaVirtualMachines/jdk1.8.0_191.jdk/Contents/Home/jre/lib/deploy.jar:/Library/Java/JavaVirtualMachines/jdk1.8.0_191.jdk/Contents/Home/jre/lib/ext/cldrdata.jar:/Library/Java/JavaVirtualMachines/jdk1.8.0_191.jdk/Contents/Home/jre/lib/ext/dnsns.jar:/Library/Java/JavaVirtualMachines/jdk1.8.0_191.jdk/Contents/Home/jre/lib/ext/jaccess.jar:/Library/Java/JavaVirtualMachines/jdk1.8.0_191.jdk/Contents/Home/jre/lib/ext/jfxrt.jar:/Library/Java/JavaVirtualMachines/jdk1.8.0_191.jdk/Contents/Home/jre/lib/ext/localedata.jar:/Library/Java/JavaVirtualMachines/jdk1.8.0_191.jdk/Contents/Home/jre/lib/ext/nashorn.jar:/Library/Java/JavaVirtualMachines/jdk1.8.0_191.jdk/Contents/Home/jre/lib/ext/sunec.jar:/Library/Java/JavaVirtualMachines/jdk1.8.0_191.jdk/Contents/Home/jre/lib/ext/sunjce_provider.jar:/Library/Java/JavaVirtualMachines/jdk1.8.0_191.jdk/Contents/Home/jre/lib/ext/sunpkcs11.jar:/Library/Java/JavaVirtualMachines/jdk1.8.0_191.jdk/Contents/Home/jre/lib/ext/zipfs.jar:/Library/Java/JavaVirtualMachines/jdk1.8.0_191.jdk/Contents/Home/jre/lib/javaws.jar:/Library/Java/JavaVirtualMachines/jdk1.8.0_191.jdk/Contents/Home/jre/lib/jce.jar:/Library/Java/JavaVirtualMachines/jdk1.8.0_191.jdk/Contents/Home/jre/lib/jfr.jar:/Library/Java/JavaVirtualMachines/jdk1.8.0_191.jdk/Contents/Home/jre/lib/jfxswt.jar:/Library/Java/JavaVirtualMachines/jdk1.8.0_191.jdk/Contents/Home/jre/lib/jsse.jar:/Library/Java/JavaVirtualMachines/jdk1.8.0_191.jdk/Contents/Home/jre/lib/management-agent.jar:/Library/Java/JavaVirtualMachines/jdk1.8.0_191.jdk/Contents/Home/jre/lib/plugin.jar:/Library/Java/JavaVirtualMachines/jdk1.8.0_191.jdk/Contents/Home/jre/lib/resources.jar:/Library/Java/JavaVirtualM
Launcher Type: SUN_STANDARD

Environment Variables:
PATH=/Users/sungkwonkim/bin:/usr/local/bin:/usr/local/bin:/usr/bin:/bin:/usr/sbin:/sbin:/usr/local/go/bin:/Applications/Wireshark.app/Contents/MacOS:/Users/sungkwonkim/ProgramTools/protoc-3.6.1/bin
SHELL=/bin/zsh

Signal Handlers:
SIGSEGV: [libjvm.dylib+0x5b5de9], sa_mask[0]=11111111011111110111111111111111, sa_flags=SA_ONSTACK|SA_RESTART|SA_SIGINFO
SIGBUS: [libjvm.dylib+0x5b5de9], sa_mask[0]=11111111011111110111111111111111, sa_flags=SA_RESTART|SA_SIGINFO
SIGFPE: [libjvm.dylib+0x48b6b0], sa_mask[0]=11111111011111110111111111111111, sa_flags=SA_RESTART|SA_SIGINFO
SIGPIPE: [libjvm.dylib+0x48b6b0], sa_mask[0]=11111111011111110111111111111111, sa_flags=SA_RESTART|SA_SIGINFO
SIGXFSZ: [libjvm.dylib+0x48b6b0], sa_mask[0]=11111111011111110111111111111111, sa_flags=SA_RESTART|SA_SIGINFO
SIGILL: [libjvm.dylib+0x48b6b0], sa_mask[0]=11111111011111110111111111111111, sa_flags=SA_RESTART|SA_SIGINFO
SIGUSR1: SIG_DFL, sa_mask[0]=00000000000000000000000000000000, sa_flags=none
SIGUSR2: [libjvm.dylib+0x48b1ce], sa_mask[0]=00100000000000000000000000000000, sa_flags=SA_RESTART|SA_SIGINFO
SIGHUP: [libjvm.dylib+0x489759], sa_mask[0]=11111111011111110111111111111111, sa_flags=SA_RESTART|SA_SIGINFO
SIGINT: [libjvm.dylib+0x489759], sa_mask[0]=11111111011111110111111111111111, sa_flags=SA_RESTART|SA_SIGINFO
SIGTERM: [libjvm.dylib+0x489759], sa_mask[0]=11111111011111110111111111111111, sa_flags=SA_RESTART|SA_SIGINFO
SIGQUIT: [libjvm.dylib+0x489759], sa_mask[0]=11111111011111110111111111111111, sa_flags=SA_RESTART|SA_SIGINFO


---------------  S Y S T E M  ---------------

OS:Bsduname:Darwin 18.5.0 Darwin Kernel Version 18.5.0: Mon Mar 11 20:40:32 PDT 2019; root:xnu-4903.251.3~3/RELEASE_X86_64 x86_64
rlimit: STACK 8192k, CORE 0k, NPROC 1418, NOFILE 10240, AS infinity
load average:4.23 3.39 2.69

CPU:total 12 (initial active 12) (6 cores per cpu, 2 threads per core) family 6 model 158 stepping 10, cmov, cx8, fxsr, mmx, sse, sse2, sse3, ssse3, sse4.1, sse4.2, popcnt, avx, avx2, aes, clmul, erms, rtm, 3dnowpref, lzcnt, ht, tsc, tscinvbit, bmi1, bmi2, adx

Memory: 4k page, physical 16777216k(3959632k free)

/proc/meminfo:


vm_info: Java HotSpot(TM) 64-Bit Server VM (25.191-b12) for bsd-amd64 JRE (1.8.0_191-b12), built on Oct  6 2018 08:37:07 by "java_re" with gcc 4.2.1 (Based on Apple Inc. build 5658) (LLVM build 2336.11.00)

time: Mon May 13 10:36:30 2019
elapsed time: 7547 seconds (0d 2h 5m 47s)

